2020-01-19 21:40:07 DEBUG cache:45 - Couldn't find template in cache for "Extent.ftl"("en_US", UTF-8, parsed); will try to load it.
2020-01-19 21:40:07 DEBUG cache:45 - TemplateLoader.findTemplateSource("Extent_en_US.ftl"): Not found
2020-01-19 21:40:07 DEBUG cache:45 - TemplateLoader.findTemplateSource("Extent_en.ftl"): Not found
2020-01-19 21:40:07 DEBUG cache:45 - TemplateLoader.findTemplateSource("Extent.ftl"): Found
2020-01-19 21:40:07 DEBUG cache:45 - Loading template for "Extent.ftl"("en_US", UTF-8, parsed) from "jar:file:/Users/sushant/.gradle/caches/modules-2/files-2.1/com.relevantcodes/extentreports/2.41.2/f3cfee1e734668ac4e3574a9b47ad735476b4b04/extentreports-2.41.2.jar!/com/relevantcodes/extentreports/view/Extent.ftl"
2020-01-19 21:40:08 DEBUG cache:45 - Couldn't find template in cache for "Extent.ftl"("en_US", UTF-8, parsed); will try to load it.
2020-01-19 21:40:08 DEBUG cache:45 - TemplateLoader.findTemplateSource("Extent_en_US.ftl"): Not found
2020-01-19 21:40:08 DEBUG cache:45 - TemplateLoader.findTemplateSource("Extent_en.ftl"): Not found
2020-01-19 21:40:08 DEBUG cache:45 - TemplateLoader.findTemplateSource("Extent.ftl"): Found
2020-01-19 21:40:08 DEBUG cache:45 - Loading template for "Extent.ftl"("en_US", UTF-8, parsed) from "jar:file:/Users/sushant/.gradle/caches/modules-2/files-2.1/com.relevantcodes/extentreports/2.41.2/f3cfee1e734668ac4e3574a9b47ad735476b4b04/extentreports-2.41.2.jar!/com/relevantcodes/extentreports/view/Extent.ftl"
2020-01-19 21:44:24 DEBUG cache:45 - Couldn't find template in cache for "Extent.ftl"("en_US", UTF-8, parsed); will try to load it.
2020-01-19 21:44:24 DEBUG cache:45 - TemplateLoader.findTemplateSource("Extent_en_US.ftl"): Not found
2020-01-19 21:44:24 DEBUG cache:45 - TemplateLoader.findTemplateSource("Extent_en.ftl"): Not found
2020-01-19 21:44:24 DEBUG cache:45 - TemplateLoader.findTemplateSource("Extent.ftl"): Found
2020-01-19 21:44:24 DEBUG cache:45 - Loading template for "Extent.ftl"("en_US", UTF-8, parsed) from "jar:file:/Users/sushant/.gradle/caches/modules-2/files-2.1/com.relevantcodes/extentreports/2.41.2/f3cfee1e734668ac4e3574a9b47ad735476b4b04/extentreports-2.41.2.jar!/com/relevantcodes/extentreports/view/Extent.ftl"
2020-01-19 21:44:25 DEBUG cache:45 - Couldn't find template in cache for "Extent.ftl"("en_US", UTF-8, parsed); will try to load it.
2020-01-19 21:44:25 DEBUG cache:45 - TemplateLoader.findTemplateSource("Extent_en_US.ftl"): Not found
2020-01-19 21:44:25 DEBUG cache:45 - TemplateLoader.findTemplateSource("Extent_en.ftl"): Not found
2020-01-19 21:44:25 DEBUG cache:45 - TemplateLoader.findTemplateSource("Extent.ftl"): Found
2020-01-19 21:44:25 DEBUG cache:45 - Loading template for "Extent.ftl"("en_US", UTF-8, parsed) from "jar:file:/Users/sushant/.gradle/caches/modules-2/files-2.1/com.relevantcodes/extentreports/2.41.2/f3cfee1e734668ac4e3574a9b47ad735476b4b04/extentreports-2.41.2.jar!/com/relevantcodes/extentreports/view/Extent.ftl"
2020-01-19 21:45:59 DEBUG cache:45 - Couldn't find template in cache for "Extent.ftl"("en_US", UTF-8, parsed); will try to load it.
2020-01-19 21:45:59 DEBUG cache:45 - TemplateLoader.findTemplateSource("Extent_en_US.ftl"): Not found
2020-01-19 21:45:59 DEBUG cache:45 - TemplateLoader.findTemplateSource("Extent_en.ftl"): Not found
2020-01-19 21:45:59 DEBUG cache:45 - TemplateLoader.findTemplateSource("Extent.ftl"): Found
2020-01-19 21:45:59 DEBUG cache:45 - Loading template for "Extent.ftl"("en_US", UTF-8, parsed) from "jar:file:/Users/sushant/.gradle/caches/modules-2/files-2.1/com.relevantcodes/extentreports/2.41.2/f3cfee1e734668ac4e3574a9b47ad735476b4b04/extentreports-2.41.2.jar!/com/relevantcodes/extentreports/view/Extent.ftl"
2020-01-19 21:46:00 DEBUG cache:45 - Couldn't find template in cache for "Extent.ftl"("en_US", UTF-8, parsed); will try to load it.
2020-01-19 21:46:00 DEBUG cache:45 - TemplateLoader.findTemplateSource("Extent_en_US.ftl"): Not found
2020-01-19 21:46:00 DEBUG cache:45 - TemplateLoader.findTemplateSource("Extent_en.ftl"): Not found
2020-01-19 21:46:00 DEBUG cache:45 - TemplateLoader.findTemplateSource("Extent.ftl"): Found
2020-01-19 21:46:00 DEBUG cache:45 - Loading template for "Extent.ftl"("en_US", UTF-8, parsed) from "jar:file:/Users/sushant/.gradle/caches/modules-2/files-2.1/com.relevantcodes/extentreports/2.41.2/f3cfee1e734668ac4e3574a9b47ad735476b4b04/extentreports-2.41.2.jar!/com/relevantcodes/extentreports/view/Extent.ftl"
2020-01-19 22:01:13 DEBUG cache:45 - Couldn't find template in cache for "Extent.ftl"("en_US", UTF-8, parsed); will try to load it.
2020-01-19 22:01:13 DEBUG cache:45 - TemplateLoader.findTemplateSource("Extent_en_US.ftl"): Not found
2020-01-19 22:01:13 DEBUG cache:45 - TemplateLoader.findTemplateSource("Extent_en.ftl"): Not found
2020-01-19 22:01:13 DEBUG cache:45 - TemplateLoader.findTemplateSource("Extent.ftl"): Found
2020-01-19 22:01:13 DEBUG cache:45 - Loading template for "Extent.ftl"("en_US", UTF-8, parsed) from "jar:file:/Users/sushant/.gradle/caches/modules-2/files-2.1/com.relevantcodes/extentreports/2.41.2/f3cfee1e734668ac4e3574a9b47ad735476b4b04/extentreports-2.41.2.jar!/com/relevantcodes/extentreports/view/Extent.ftl"
2020-01-19 22:01:13 DEBUG cache:45 - Couldn't find template in cache for "Extent.ftl"("en_US", UTF-8, parsed); will try to load it.
2020-01-19 22:01:13 DEBUG cache:45 - TemplateLoader.findTemplateSource("Extent_en_US.ftl"): Not found
2020-01-19 22:01:13 DEBUG cache:45 - TemplateLoader.findTemplateSource("Extent_en.ftl"): Not found
2020-01-19 22:01:13 DEBUG cache:45 - TemplateLoader.findTemplateSource("Extent.ftl"): Found
2020-01-19 22:01:13 DEBUG cache:45 - Loading template for "Extent.ftl"("en_US", UTF-8, parsed) from "jar:file:/Users/sushant/.gradle/caches/modules-2/files-2.1/com.relevantcodes/extentreports/2.41.2/f3cfee1e734668ac4e3574a9b47ad735476b4b04/extentreports-2.41.2.jar!/com/relevantcodes/extentreports/view/Extent.ftl"
2020-01-20 20:56:10 DEBUG cache:45 - Couldn't find template in cache for "Extent.ftl"("en_US", UTF-8, parsed); will try to load it.
2020-01-20 20:56:10 DEBUG cache:45 - TemplateLoader.findTemplateSource("Extent_en_US.ftl"): Not found
2020-01-20 20:56:10 DEBUG cache:45 - TemplateLoader.findTemplateSource("Extent_en.ftl"): Not found
2020-01-20 20:56:10 DEBUG cache:45 - TemplateLoader.findTemplateSource("Extent.ftl"): Found
2020-01-20 20:56:10 DEBUG cache:45 - Loading template for "Extent.ftl"("en_US", UTF-8, parsed) from "jar:file:/Users/sushant/.gradle/caches/modules-2/files-2.1/com.relevantcodes/extentreports/2.41.2/f3cfee1e734668ac4e3574a9b47ad735476b4b04/extentreports-2.41.2.jar!/com/relevantcodes/extentreports/view/Extent.ftl"
2020-01-20 20:56:10 DEBUG cache:45 - Couldn't find template in cache for "Extent.ftl"("en_US", UTF-8, parsed); will try to load it.
2020-01-20 20:56:10 DEBUG cache:45 - TemplateLoader.findTemplateSource("Extent_en_US.ftl"): Not found
2020-01-20 20:56:10 DEBUG cache:45 - TemplateLoader.findTemplateSource("Extent_en.ftl"): Not found
2020-01-20 20:56:10 DEBUG cache:45 - TemplateLoader.findTemplateSource("Extent.ftl"): Found
2020-01-20 20:56:10 DEBUG cache:45 - Loading template for "Extent.ftl"("en_US", UTF-8, parsed) from "jar:file:/Users/sushant/.gradle/caches/modules-2/files-2.1/com.relevantcodes/extentreports/2.41.2/f3cfee1e734668ac4e3574a9b47ad735476b4b04/extentreports-2.41.2.jar!/com/relevantcodes/extentreports/view/Extent.ftl"
2020-01-20 21:24:43 DEBUG cache:45 - Couldn't find template in cache for "Extent.ftl"("en_US", UTF-8, parsed); will try to load it.
2020-01-20 21:24:43 DEBUG cache:45 - TemplateLoader.findTemplateSource("Extent_en_US.ftl"): Not found
2020-01-20 21:24:43 DEBUG cache:45 - TemplateLoader.findTemplateSource("Extent_en.ftl"): Not found
2020-01-20 21:24:43 DEBUG cache:45 - TemplateLoader.findTemplateSource("Extent.ftl"): Found
2020-01-20 21:24:43 DEBUG cache:45 - Loading template for "Extent.ftl"("en_US", UTF-8, parsed) from "jar:file:/Users/sushant/.gradle/caches/modules-2/files-2.1/com.relevantcodes/extentreports/2.41.2/f3cfee1e734668ac4e3574a9b47ad735476b4b04/extentreports-2.41.2.jar!/com/relevantcodes/extentreports/view/Extent.ftl"
2020-01-20 21:24:43 DEBUG cache:45 - Couldn't find template in cache for "Extent.ftl"("en_US", UTF-8, parsed); will try to load it.
2020-01-20 21:24:43 DEBUG cache:45 - TemplateLoader.findTemplateSource("Extent_en_US.ftl"): Not found
2020-01-20 21:24:43 DEBUG cache:45 - TemplateLoader.findTemplateSource("Extent_en.ftl"): Not found
2020-01-20 21:24:43 DEBUG cache:45 - TemplateLoader.findTemplateSource("Extent.ftl"): Found
2020-01-20 21:24:43 DEBUG cache:45 - Loading template for "Extent.ftl"("en_US", UTF-8, parsed) from "jar:file:/Users/sushant/.gradle/caches/modules-2/files-2.1/com.relevantcodes/extentreports/2.41.2/f3cfee1e734668ac4e3574a9b47ad735476b4b04/extentreports-2.41.2.jar!/com/relevantcodes/extentreports/view/Extent.ftl"
2020-01-20 21:25:14 DEBUG cache:45 - Couldn't find template in cache for "Extent.ftl"("en_US", UTF-8, parsed); will try to load it.
2020-01-20 21:25:14 DEBUG cache:45 - TemplateLoader.findTemplateSource("Extent_en_US.ftl"): Not found
2020-01-20 21:25:14 DEBUG cache:45 - TemplateLoader.findTemplateSource("Extent_en.ftl"): Not found
2020-01-20 21:25:14 DEBUG cache:45 - TemplateLoader.findTemplateSource("Extent.ftl"): Found
2020-01-20 21:25:14 DEBUG cache:45 - Loading template for "Extent.ftl"("en_US", UTF-8, parsed) from "jar:file:/Users/sushant/.gradle/caches/modules-2/files-2.1/com.relevantcodes/extentreports/2.41.2/f3cfee1e734668ac4e3574a9b47ad735476b4b04/extentreports-2.41.2.jar!/com/relevantcodes/extentreports/view/Extent.ftl"
2020-01-20 21:25:15 DEBUG cache:45 - Couldn't find template in cache for "Extent.ftl"("en_US", UTF-8, parsed); will try to load it.
2020-01-20 21:25:15 DEBUG cache:45 - TemplateLoader.findTemplateSource("Extent_en_US.ftl"): Not found
2020-01-20 21:25:15 DEBUG cache:45 - TemplateLoader.findTemplateSource("Extent_en.ftl"): Not found
2020-01-20 21:25:15 DEBUG cache:45 - TemplateLoader.findTemplateSource("Extent.ftl"): Found
2020-01-20 21:25:15 DEBUG cache:45 - Loading template for "Extent.ftl"("en_US", UTF-8, parsed) from "jar:file:/Users/sushant/.gradle/caches/modules-2/files-2.1/com.relevantcodes/extentreports/2.41.2/f3cfee1e734668ac4e3574a9b47ad735476b4b04/extentreports-2.41.2.jar!/com/relevantcodes/extentreports/view/Extent.ftl"
2020-01-20 21:26:46 DEBUG cache:45 - Couldn't find template in cache for "Extent.ftl"("en_US", UTF-8, parsed); will try to load it.
2020-01-20 21:26:46 DEBUG cache:45 - TemplateLoader.findTemplateSource("Extent_en_US.ftl"): Not found
2020-01-20 21:26:46 DEBUG cache:45 - TemplateLoader.findTemplateSource("Extent_en.ftl"): Not found
2020-01-20 21:26:46 DEBUG cache:45 - TemplateLoader.findTemplateSource("Extent.ftl"): Found
2020-01-20 21:26:46 DEBUG cache:45 - Loading template for "Extent.ftl"("en_US", UTF-8, parsed) from "jar:file:/Users/sushant/.gradle/caches/modules-2/files-2.1/com.relevantcodes/extentreports/2.41.2/f3cfee1e734668ac4e3574a9b47ad735476b4b04/extentreports-2.41.2.jar!/com/relevantcodes/extentreports/view/Extent.ftl"
2020-01-20 21:26:46 DEBUG cache:45 - Couldn't find template in cache for "Extent.ftl"("en_US", UTF-8, parsed); will try to load it.
2020-01-20 21:26:46 DEBUG cache:45 - TemplateLoader.findTemplateSource("Extent_en_US.ftl"): Not found
2020-01-20 21:26:46 DEBUG cache:45 - TemplateLoader.findTemplateSource("Extent_en.ftl"): Not found
2020-01-20 21:26:46 DEBUG cache:45 - TemplateLoader.findTemplateSource("Extent.ftl"): Found
2020-01-20 21:26:46 DEBUG cache:45 - Loading template for "Extent.ftl"("en_US", UTF-8, parsed) from "jar:file:/Users/sushant/.gradle/caches/modules-2/files-2.1/com.relevantcodes/extentreports/2.41.2/f3cfee1e734668ac4e3574a9b47ad735476b4b04/extentreports-2.41.2.jar!/com/relevantcodes/extentreports/view/Extent.ftl"
2020-01-20 21:28:17 DEBUG cache:45 - Couldn't find template in cache for "Extent.ftl"("en_US", UTF-8, parsed); will try to load it.
2020-01-20 21:28:17 DEBUG cache:45 - TemplateLoader.findTemplateSource("Extent_en_US.ftl"): Not found
2020-01-20 21:28:17 DEBUG cache:45 - TemplateLoader.findTemplateSource("Extent_en.ftl"): Not found
2020-01-20 21:28:17 DEBUG cache:45 - TemplateLoader.findTemplateSource("Extent.ftl"): Found
2020-01-20 21:28:17 DEBUG cache:45 - Loading template for "Extent.ftl"("en_US", UTF-8, parsed) from "jar:file:/Users/sushant/.gradle/caches/modules-2/files-2.1/com.relevantcodes/extentreports/2.41.2/f3cfee1e734668ac4e3574a9b47ad735476b4b04/extentreports-2.41.2.jar!/com/relevantcodes/extentreports/view/Extent.ftl"
2020-01-20 21:28:17 DEBUG cache:45 - Couldn't find template in cache for "Extent.ftl"("en_US", UTF-8, parsed); will try to load it.
2020-01-20 21:28:17 DEBUG cache:45 - TemplateLoader.findTemplateSource("Extent_en_US.ftl"): Not found
2020-01-20 21:28:17 DEBUG cache:45 - TemplateLoader.findTemplateSource("Extent_en.ftl"): Not found
2020-01-20 21:28:17 DEBUG cache:45 - TemplateLoader.findTemplateSource("Extent.ftl"): Found
2020-01-20 21:28:17 DEBUG cache:45 - Loading template for "Extent.ftl"("en_US", UTF-8, parsed) from "jar:file:/Users/sushant/.gradle/caches/modules-2/files-2.1/com.relevantcodes/extentreports/2.41.2/f3cfee1e734668ac4e3574a9b47ad735476b4b04/extentreports-2.41.2.jar!/com/relevantcodes/extentreports/view/Extent.ftl"
2020-01-20 21:30:29 DEBUG cache:45 - Couldn't find template in cache for "Extent.ftl"("en_US", UTF-8, parsed); will try to load it.
2020-01-20 21:30:29 DEBUG cache:45 - TemplateLoader.findTemplateSource("Extent_en_US.ftl"): Not found
2020-01-20 21:30:29 DEBUG cache:45 - TemplateLoader.findTemplateSource("Extent_en.ftl"): Not found
2020-01-20 21:30:29 DEBUG cache:45 - TemplateLoader.findTemplateSource("Extent.ftl"): Found
2020-01-20 21:30:29 DEBUG cache:45 - Loading template for "Extent.ftl"("en_US", UTF-8, parsed) from "jar:file:/Users/sushant/.gradle/caches/modules-2/files-2.1/com.relevantcodes/extentreports/2.41.2/f3cfee1e734668ac4e3574a9b47ad735476b4b04/extentreports-2.41.2.jar!/com/relevantcodes/extentreports/view/Extent.ftl"
2020-01-20 21:30:29 DEBUG cache:45 - Couldn't find template in cache for "Extent.ftl"("en_US", UTF-8, parsed); will try to load it.
2020-01-20 21:30:29 DEBUG cache:45 - TemplateLoader.findTemplateSource("Extent_en_US.ftl"): Not found
2020-01-20 21:30:29 DEBUG cache:45 - TemplateLoader.findTemplateSource("Extent_en.ftl"): Not found
2020-01-20 21:30:29 DEBUG cache:45 - TemplateLoader.findTemplateSource("Extent.ftl"): Found
2020-01-20 21:30:29 DEBUG cache:45 - Loading template for "Extent.ftl"("en_US", UTF-8, parsed) from "jar:file:/Users/sushant/.gradle/caches/modules-2/files-2.1/com.relevantcodes/extentreports/2.41.2/f3cfee1e734668ac4e3574a9b47ad735476b4b04/extentreports-2.41.2.jar!/com/relevantcodes/extentreports/view/Extent.ftl"
2020-01-20 21:31:13 DEBUG cache:45 - Couldn't find template in cache for "Extent.ftl"("en_US", UTF-8, parsed); will try to load it.
2020-01-20 21:31:13 DEBUG cache:45 - TemplateLoader.findTemplateSource("Extent_en_US.ftl"): Not found
2020-01-20 21:31:13 DEBUG cache:45 - TemplateLoader.findTemplateSource("Extent_en.ftl"): Not found
2020-01-20 21:31:13 DEBUG cache:45 - TemplateLoader.findTemplateSource("Extent.ftl"): Found
2020-01-20 21:31:13 DEBUG cache:45 - Loading template for "Extent.ftl"("en_US", UTF-8, parsed) from "jar:file:/Users/sushant/.gradle/caches/modules-2/files-2.1/com.relevantcodes/extentreports/2.41.2/f3cfee1e734668ac4e3574a9b47ad735476b4b04/extentreports-2.41.2.jar!/com/relevantcodes/extentreports/view/Extent.ftl"
2020-01-20 21:31:13 DEBUG cache:45 - Couldn't find template in cache for "Extent.ftl"("en_US", UTF-8, parsed); will try to load it.
2020-01-20 21:31:13 DEBUG cache:45 - TemplateLoader.findTemplateSource("Extent_en_US.ftl"): Not found
2020-01-20 21:31:13 DEBUG cache:45 - TemplateLoader.findTemplateSource("Extent_en.ftl"): Not found
2020-01-20 21:31:13 DEBUG cache:45 - TemplateLoader.findTemplateSource("Extent.ftl"): Found
2020-01-20 21:31:13 DEBUG cache:45 - Loading template for "Extent.ftl"("en_US", UTF-8, parsed) from "jar:file:/Users/sushant/.gradle/caches/modules-2/files-2.1/com.relevantcodes/extentreports/2.41.2/f3cfee1e734668ac4e3574a9b47ad735476b4b04/extentreports-2.41.2.jar!/com/relevantcodes/extentreports/view/Extent.ftl"
2020-01-20 21:32:24 DEBUG cache:45 - Couldn't find template in cache for "Extent.ftl"("en_US", UTF-8, parsed); will try to load it.
2020-01-20 21:32:24 DEBUG cache:45 - TemplateLoader.findTemplateSource("Extent_en_US.ftl"): Not found
2020-01-20 21:32:24 DEBUG cache:45 - TemplateLoader.findTemplateSource("Extent_en.ftl"): Not found
2020-01-20 21:32:24 DEBUG cache:45 - TemplateLoader.findTemplateSource("Extent.ftl"): Found
2020-01-20 21:32:24 DEBUG cache:45 - Loading template for "Extent.ftl"("en_US", UTF-8, parsed) from "jar:file:/Users/sushant/.gradle/caches/modules-2/files-2.1/com.relevantcodes/extentreports/2.41.2/f3cfee1e734668ac4e3574a9b47ad735476b4b04/extentreports-2.41.2.jar!/com/relevantcodes/extentreports/view/Extent.ftl"
2020-01-20 21:32:25 DEBUG cache:45 - Couldn't find template in cache for "Extent.ftl"("en_US", UTF-8, parsed); will try to load it.
2020-01-20 21:32:25 DEBUG cache:45 - TemplateLoader.findTemplateSource("Extent_en_US.ftl"): Not found
2020-01-20 21:32:25 DEBUG cache:45 - TemplateLoader.findTemplateSource("Extent_en.ftl"): Not found
2020-01-20 21:32:25 DEBUG cache:45 - TemplateLoader.findTemplateSource("Extent.ftl"): Found
2020-01-20 21:32:25 DEBUG cache:45 - Loading template for "Extent.ftl"("en_US", UTF-8, parsed) from "jar:file:/Users/sushant/.gradle/caches/modules-2/files-2.1/com.relevantcodes/extentreports/2.41.2/f3cfee1e734668ac4e3574a9b47ad735476b4b04/extentreports-2.41.2.jar!/com/relevantcodes/extentreports/view/Extent.ftl"
2020-01-20 21:36:25 DEBUG cache:45 - Couldn't find template in cache for "Extent.ftl"("en_US", UTF-8, parsed); will try to load it.
2020-01-20 21:36:25 DEBUG cache:45 - TemplateLoader.findTemplateSource("Extent_en_US.ftl"): Not found
2020-01-20 21:36:25 DEBUG cache:45 - TemplateLoader.findTemplateSource("Extent_en.ftl"): Not found
2020-01-20 21:36:25 DEBUG cache:45 - TemplateLoader.findTemplateSource("Extent.ftl"): Found
2020-01-20 21:36:25 DEBUG cache:45 - Loading template for "Extent.ftl"("en_US", UTF-8, parsed) from "jar:file:/Users/sushant/.gradle/caches/modules-2/files-2.1/com.relevantcodes/extentreports/2.41.2/f3cfee1e734668ac4e3574a9b47ad735476b4b04/extentreports-2.41.2.jar!/com/relevantcodes/extentreports/view/Extent.ftl"
2020-01-20 21:36:26 DEBUG cache:45 - Couldn't find template in cache for "Extent.ftl"("en_US", UTF-8, parsed); will try to load it.
2020-01-20 21:36:26 DEBUG cache:45 - TemplateLoader.findTemplateSource("Extent_en_US.ftl"): Not found
2020-01-20 21:36:26 DEBUG cache:45 - TemplateLoader.findTemplateSource("Extent_en.ftl"): Not found
2020-01-20 21:36:26 DEBUG cache:45 - TemplateLoader.findTemplateSource("Extent.ftl"): Found
2020-01-20 21:36:26 DEBUG cache:45 - Loading template for "Extent.ftl"("en_US", UTF-8, parsed) from "jar:file:/Users/sushant/.gradle/caches/modules-2/files-2.1/com.relevantcodes/extentreports/2.41.2/f3cfee1e734668ac4e3574a9b47ad735476b4b04/extentreports-2.41.2.jar!/com/relevantcodes/extentreports/view/Extent.ftl"
2020-01-22 18:56:59 DEBUG cache:45 - Couldn't find template in cache for "Extent.ftl"("en_US", UTF-8, parsed); will try to load it.
2020-01-22 18:56:59 DEBUG cache:45 - TemplateLoader.findTemplateSource("Extent_en_US.ftl"): Not found
2020-01-22 18:56:59 DEBUG cache:45 - TemplateLoader.findTemplateSource("Extent_en.ftl"): Not found
2020-01-22 18:56:59 DEBUG cache:45 - TemplateLoader.findTemplateSource("Extent.ftl"): Found
2020-01-22 18:56:59 DEBUG cache:45 - Loading template for "Extent.ftl"("en_US", UTF-8, parsed) from "jar:file:/Users/sushant/.gradle/caches/modules-2/files-2.1/com.relevantcodes/extentreports/2.41.2/f3cfee1e734668ac4e3574a9b47ad735476b4b04/extentreports-2.41.2.jar!/com/relevantcodes/extentreports/view/Extent.ftl"
2020-01-22 18:57:00 DEBUG cache:45 - Couldn't find template in cache for "Extent.ftl"("en_US", UTF-8, parsed); will try to load it.
2020-01-22 18:57:00 DEBUG cache:45 - TemplateLoader.findTemplateSource("Extent_en_US.ftl"): Not found
2020-01-22 18:57:00 DEBUG cache:45 - TemplateLoader.findTemplateSource("Extent_en.ftl"): Not found
2020-01-22 18:57:00 DEBUG cache:45 - TemplateLoader.findTemplateSource("Extent.ftl"): Found
2020-01-22 18:57:00 DEBUG cache:45 - Loading template for "Extent.ftl"("en_US", UTF-8, parsed) from "jar:file:/Users/sushant/.gradle/caches/modules-2/files-2.1/com.relevantcodes/extentreports/2.41.2/f3cfee1e734668ac4e3574a9b47ad735476b4b04/extentreports-2.41.2.jar!/com/relevantcodes/extentreports/view/Extent.ftl"
2020-01-22 19:16:02 DEBUG cache:45 - Couldn't find template in cache for "Extent.ftl"("en_US", UTF-8, parsed); will try to load it.
2020-01-22 19:16:02 DEBUG cache:45 - TemplateLoader.findTemplateSource("Extent_en_US.ftl"): Not found
2020-01-22 19:16:02 DEBUG cache:45 - TemplateLoader.findTemplateSource("Extent_en.ftl"): Not found
2020-01-22 19:16:02 DEBUG cache:45 - TemplateLoader.findTemplateSource("Extent.ftl"): Found
2020-01-22 19:16:02 DEBUG cache:45 - Loading template for "Extent.ftl"("en_US", UTF-8, parsed) from "jar:file:/Users/sushant/.gradle/caches/modules-2/files-2.1/com.relevantcodes/extentreports/2.41.2/f3cfee1e734668ac4e3574a9b47ad735476b4b04/extentreports-2.41.2.jar!/com/relevantcodes/extentreports/view/Extent.ftl"
2020-01-22 19:16:02 DEBUG cache:45 - Couldn't find template in cache for "Extent.ftl"("en_US", UTF-8, parsed); will try to load it.
2020-01-22 19:16:02 DEBUG cache:45 - TemplateLoader.findTemplateSource("Extent_en_US.ftl"): Not found
2020-01-22 19:16:02 DEBUG cache:45 - TemplateLoader.findTemplateSource("Extent_en.ftl"): Not found
2020-01-22 19:16:02 DEBUG cache:45 - TemplateLoader.findTemplateSource("Extent.ftl"): Found
2020-01-22 19:16:02 DEBUG cache:45 - Loading template for "Extent.ftl"("en_US", UTF-8, parsed) from "jar:file:/Users/sushant/.gradle/caches/modules-2/files-2.1/com.relevantcodes/extentreports/2.41.2/f3cfee1e734668ac4e3574a9b47ad735476b4b04/extentreports-2.41.2.jar!/com/relevantcodes/extentreports/view/Extent.ftl"
2020-01-22 19:27:00 DEBUG cache:45 - Couldn't find template in cache for "Extent.ftl"("en_US", UTF-8, parsed); will try to load it.
2020-01-22 19:27:00 DEBUG cache:45 - TemplateLoader.findTemplateSource("Extent_en_US.ftl"): Not found
2020-01-22 19:27:00 DEBUG cache:45 - TemplateLoader.findTemplateSource("Extent_en.ftl"): Not found
2020-01-22 19:27:00 DEBUG cache:45 - TemplateLoader.findTemplateSource("Extent.ftl"): Found
2020-01-22 19:27:00 DEBUG cache:45 - Loading template for "Extent.ftl"("en_US", UTF-8, parsed) from "jar:file:/Users/sushant/.gradle/caches/modules-2/files-2.1/com.relevantcodes/extentreports/2.41.2/f3cfee1e734668ac4e3574a9b47ad735476b4b04/extentreports-2.41.2.jar!/com/relevantcodes/extentreports/view/Extent.ftl"
2020-01-22 19:27:00 DEBUG cache:45 - Couldn't find template in cache for "Extent.ftl"("en_US", UTF-8, parsed); will try to load it.
2020-01-22 19:27:00 DEBUG cache:45 - TemplateLoader.findTemplateSource("Extent_en_US.ftl"): Not found
2020-01-22 19:27:00 DEBUG cache:45 - TemplateLoader.findTemplateSource("Extent_en.ftl"): Not found
2020-01-22 19:27:00 DEBUG cache:45 - TemplateLoader.findTemplateSource("Extent.ftl"): Found
2020-01-22 19:27:00 DEBUG cache:45 - Loading template for "Extent.ftl"("en_US", UTF-8, parsed) from "jar:file:/Users/sushant/.gradle/caches/modules-2/files-2.1/com.relevantcodes/extentreports/2.41.2/f3cfee1e734668ac4e3574a9b47ad735476b4b04/extentreports-2.41.2.jar!/com/relevantcodes/extentreports/view/Extent.ftl"
2020-01-22 19:27:55 DEBUG cache:45 - Couldn't find template in cache for "Extent.ftl"("en_US", UTF-8, parsed); will try to load it.
2020-01-22 19:27:55 DEBUG cache:45 - TemplateLoader.findTemplateSource("Extent_en_US.ftl"): Not found
2020-01-22 19:27:55 DEBUG cache:45 - TemplateLoader.findTemplateSource("Extent_en.ftl"): Not found
2020-01-22 19:27:55 DEBUG cache:45 - TemplateLoader.findTemplateSource("Extent.ftl"): Found
2020-01-22 19:27:55 DEBUG cache:45 - Loading template for "Extent.ftl"("en_US", UTF-8, parsed) from "jar:file:/Users/sushant/.gradle/caches/modules-2/files-2.1/com.relevantcodes/extentreports/2.41.2/f3cfee1e734668ac4e3574a9b47ad735476b4b04/extentreports-2.41.2.jar!/com/relevantcodes/extentreports/view/Extent.ftl"
2020-01-22 19:27:56 DEBUG cache:45 - Couldn't find template in cache for "Extent.ftl"("en_US", UTF-8, parsed); will try to load it.
2020-01-22 19:27:56 DEBUG cache:45 - TemplateLoader.findTemplateSource("Extent_en_US.ftl"): Not found
2020-01-22 19:27:56 DEBUG cache:45 - TemplateLoader.findTemplateSource("Extent_en.ftl"): Not found
2020-01-22 19:27:56 DEBUG cache:45 - TemplateLoader.findTemplateSource("Extent.ftl"): Found
2020-01-22 19:27:56 DEBUG cache:45 - Loading template for "Extent.ftl"("en_US", UTF-8, parsed) from "jar:file:/Users/sushant/.gradle/caches/modules-2/files-2.1/com.relevantcodes/extentreports/2.41.2/f3cfee1e734668ac4e3574a9b47ad735476b4b04/extentreports-2.41.2.jar!/com/relevantcodes/extentreports/view/Extent.ftl"
2020-01-22 19:29:25 DEBUG cache:45 - Couldn't find template in cache for "Extent.ftl"("en_US", UTF-8, parsed); will try to load it.
2020-01-22 19:29:25 DEBUG cache:45 - TemplateLoader.findTemplateSource("Extent_en_US.ftl"): Not found
2020-01-22 19:29:25 DEBUG cache:45 - TemplateLoader.findTemplateSource("Extent_en.ftl"): Not found
2020-01-22 19:29:25 DEBUG cache:45 - TemplateLoader.findTemplateSource("Extent.ftl"): Found
2020-01-22 19:29:25 DEBUG cache:45 - Loading template for "Extent.ftl"("en_US", UTF-8, parsed) from "jar:file:/Users/sushant/.gradle/caches/modules-2/files-2.1/com.relevantcodes/extentreports/2.41.2/f3cfee1e734668ac4e3574a9b47ad735476b4b04/extentreports-2.41.2.jar!/com/relevantcodes/extentreports/view/Extent.ftl"
2020-01-22 19:29:26 DEBUG cache:45 - Couldn't find template in cache for "Extent.ftl"("en_US", UTF-8, parsed); will try to load it.
2020-01-22 19:29:26 DEBUG cache:45 - TemplateLoader.findTemplateSource("Extent_en_US.ftl"): Not found
2020-01-22 19:29:26 DEBUG cache:45 - TemplateLoader.findTemplateSource("Extent_en.ftl"): Not found
2020-01-22 19:29:26 DEBUG cache:45 - TemplateLoader.findTemplateSource("Extent.ftl"): Found
2020-01-22 19:29:26 DEBUG cache:45 - Loading template for "Extent.ftl"("en_US", UTF-8, parsed) from "jar:file:/Users/sushant/.gradle/caches/modules-2/files-2.1/com.relevantcodes/extentreports/2.41.2/f3cfee1e734668ac4e3574a9b47ad735476b4b04/extentreports-2.41.2.jar!/com/relevantcodes/extentreports/view/Extent.ftl"
2020-01-22 19:32:06 DEBUG cache:45 - Couldn't find template in cache for "Extent.ftl"("en_US", UTF-8, parsed); will try to load it.
2020-01-22 19:32:06 DEBUG cache:45 - TemplateLoader.findTemplateSource("Extent_en_US.ftl"): Not found
2020-01-22 19:32:06 DEBUG cache:45 - TemplateLoader.findTemplateSource("Extent_en.ftl"): Not found
2020-01-22 19:32:06 DEBUG cache:45 - TemplateLoader.findTemplateSource("Extent.ftl"): Found
2020-01-22 19:32:06 DEBUG cache:45 - Loading template for "Extent.ftl"("en_US", UTF-8, parsed) from "jar:file:/Users/sushant/.gradle/caches/modules-2/files-2.1/com.relevantcodes/extentreports/2.41.2/f3cfee1e734668ac4e3574a9b47ad735476b4b04/extentreports-2.41.2.jar!/com/relevantcodes/extentreports/view/Extent.ftl"
2020-01-22 19:32:06 DEBUG cache:45 - Couldn't find template in cache for "Extent.ftl"("en_US", UTF-8, parsed); will try to load it.
2020-01-22 19:32:06 DEBUG cache:45 - TemplateLoader.findTemplateSource("Extent_en_US.ftl"): Not found
2020-01-22 19:32:06 DEBUG cache:45 - TemplateLoader.findTemplateSource("Extent_en.ftl"): Not found
2020-01-22 19:32:06 DEBUG cache:45 - TemplateLoader.findTemplateSource("Extent.ftl"): Found
2020-01-22 19:32:06 DEBUG cache:45 - Loading template for "Extent.ftl"("en_US", UTF-8, parsed) from "jar:file:/Users/sushant/.gradle/caches/modules-2/files-2.1/com.relevantcodes/extentreports/2.41.2/f3cfee1e734668ac4e3574a9b47ad735476b4b04/extentreports-2.41.2.jar!/com/relevantcodes/extentreports/view/Extent.ftl"
2020-01-22 19:34:17 DEBUG cache:45 - Couldn't find template in cache for "Extent.ftl"("en_US", UTF-8, parsed); will try to load it.
2020-01-22 19:34:17 DEBUG cache:45 - TemplateLoader.findTemplateSource("Extent_en_US.ftl"): Not found
2020-01-22 19:34:17 DEBUG cache:45 - TemplateLoader.findTemplateSource("Extent_en.ftl"): Not found
2020-01-22 19:34:17 DEBUG cache:45 - TemplateLoader.findTemplateSource("Extent.ftl"): Found
2020-01-22 19:34:17 DEBUG cache:45 - Loading template for "Extent.ftl"("en_US", UTF-8, parsed) from "jar:file:/Users/sushant/.gradle/caches/modules-2/files-2.1/com.relevantcodes/extentreports/2.41.2/f3cfee1e734668ac4e3574a9b47ad735476b4b04/extentreports-2.41.2.jar!/com/relevantcodes/extentreports/view/Extent.ftl"
2020-01-22 19:34:18 DEBUG cache:45 - Couldn't find template in cache for "Extent.ftl"("en_US", UTF-8, parsed); will try to load it.
2020-01-22 19:34:18 DEBUG cache:45 - TemplateLoader.findTemplateSource("Extent_en_US.ftl"): Not found
2020-01-22 19:34:18 DEBUG cache:45 - TemplateLoader.findTemplateSource("Extent_en.ftl"): Not found
2020-01-22 19:34:18 DEBUG cache:45 - TemplateLoader.findTemplateSource("Extent.ftl"): Found
2020-01-22 19:34:18 DEBUG cache:45 - Loading template for "Extent.ftl"("en_US", UTF-8, parsed) from "jar:file:/Users/sushant/.gradle/caches/modules-2/files-2.1/com.relevantcodes/extentreports/2.41.2/f3cfee1e734668ac4e3574a9b47ad735476b4b04/extentreports-2.41.2.jar!/com/relevantcodes/extentreports/view/Extent.ftl"
2020-01-22 20:14:46 DEBUG cache:45 - Couldn't find template in cache for "Extent.ftl"("en_US", UTF-8, parsed); will try to load it.
2020-01-22 20:14:46 DEBUG cache:45 - TemplateLoader.findTemplateSource("Extent_en_US.ftl"): Not found
2020-01-22 20:14:46 DEBUG cache:45 - TemplateLoader.findTemplateSource("Extent_en.ftl"): Not found
2020-01-22 20:14:46 DEBUG cache:45 - TemplateLoader.findTemplateSource("Extent.ftl"): Found
2020-01-22 20:14:46 DEBUG cache:45 - Loading template for "Extent.ftl"("en_US", UTF-8, parsed) from "jar:file:/Users/sushant/.gradle/caches/modules-2/files-2.1/com.relevantcodes/extentreports/2.41.2/f3cfee1e734668ac4e3574a9b47ad735476b4b04/extentreports-2.41.2.jar!/com/relevantcodes/extentreports/view/Extent.ftl"
2020-01-22 20:14:46 DEBUG cache:45 - Couldn't find template in cache for "Extent.ftl"("en_US", UTF-8, parsed); will try to load it.
2020-01-22 20:14:46 DEBUG cache:45 - TemplateLoader.findTemplateSource("Extent_en_US.ftl"): Not found
2020-01-22 20:14:46 DEBUG cache:45 - TemplateLoader.findTemplateSource("Extent_en.ftl"): Not found
2020-01-22 20:14:46 DEBUG cache:45 - TemplateLoader.findTemplateSource("Extent.ftl"): Found
2020-01-22 20:14:46 DEBUG cache:45 - Loading template for "Extent.ftl"("en_US", UTF-8, parsed) from "jar:file:/Users/sushant/.gradle/caches/modules-2/files-2.1/com.relevantcodes/extentreports/2.41.2/f3cfee1e734668ac4e3574a9b47ad735476b4b04/extentreports-2.41.2.jar!/com/relevantcodes/extentreports/view/Extent.ftl"
2020-01-22 20:16:18 DEBUG cache:45 - Couldn't find template in cache for "Extent.ftl"("en_US", UTF-8, parsed); will try to load it.
2020-01-22 20:16:18 DEBUG cache:45 - TemplateLoader.findTemplateSource("Extent_en_US.ftl"): Not found
2020-01-22 20:16:18 DEBUG cache:45 - TemplateLoader.findTemplateSource("Extent_en.ftl"): Not found
2020-01-22 20:16:18 DEBUG cache:45 - TemplateLoader.findTemplateSource("Extent.ftl"): Found
2020-01-22 20:16:18 DEBUG cache:45 - Loading template for "Extent.ftl"("en_US", UTF-8, parsed) from "jar:file:/Users/sushant/.gradle/caches/modules-2/files-2.1/com.relevantcodes/extentreports/2.41.2/f3cfee1e734668ac4e3574a9b47ad735476b4b04/extentreports-2.41.2.jar!/com/relevantcodes/extentreports/view/Extent.ftl"
2020-01-22 20:16:19 DEBUG cache:45 - Couldn't find template in cache for "Extent.ftl"("en_US", UTF-8, parsed); will try to load it.
2020-01-22 20:16:19 DEBUG cache:45 - TemplateLoader.findTemplateSource("Extent_en_US.ftl"): Not found
2020-01-22 20:16:19 DEBUG cache:45 - TemplateLoader.findTemplateSource("Extent_en.ftl"): Not found
2020-01-22 20:16:19 DEBUG cache:45 - TemplateLoader.findTemplateSource("Extent.ftl"): Found
2020-01-22 20:16:19 DEBUG cache:45 - Loading template for "Extent.ftl"("en_US", UTF-8, parsed) from "jar:file:/Users/sushant/.gradle/caches/modules-2/files-2.1/com.relevantcodes/extentreports/2.41.2/f3cfee1e734668ac4e3574a9b47ad735476b4b04/extentreports-2.41.2.jar!/com/relevantcodes/extentreports/view/Extent.ftl"
2020-01-22 20:54:41 DEBUG cache:45 - Couldn't find template in cache for "Extent.ftl"("en_US", UTF-8, parsed); will try to load it.
2020-01-22 20:54:41 DEBUG cache:45 - TemplateLoader.findTemplateSource("Extent_en_US.ftl"): Not found
2020-01-22 20:54:41 DEBUG cache:45 - TemplateLoader.findTemplateSource("Extent_en.ftl"): Not found
2020-01-22 20:54:41 DEBUG cache:45 - TemplateLoader.findTemplateSource("Extent.ftl"): Found
2020-01-22 20:54:41 DEBUG cache:45 - Loading template for "Extent.ftl"("en_US", UTF-8, parsed) from "jar:file:/Users/sushant/.gradle/caches/modules-2/files-2.1/com.relevantcodes/extentreports/2.41.2/f3cfee1e734668ac4e3574a9b47ad735476b4b04/extentreports-2.41.2.jar!/com/relevantcodes/extentreports/view/Extent.ftl"
2020-01-22 20:54:42 DEBUG cache:45 - Couldn't find template in cache for "Extent.ftl"("en_US", UTF-8, parsed); will try to load it.
2020-01-22 20:54:42 DEBUG cache:45 - TemplateLoader.findTemplateSource("Extent_en_US.ftl"): Not found
2020-01-22 20:54:42 DEBUG cache:45 - TemplateLoader.findTemplateSource("Extent_en.ftl"): Not found
2020-01-22 20:54:42 DEBUG cache:45 - TemplateLoader.findTemplateSource("Extent.ftl"): Found
2020-01-22 20:54:42 DEBUG cache:45 - Loading template for "Extent.ftl"("en_US", UTF-8, parsed) from "jar:file:/Users/sushant/.gradle/caches/modules-2/files-2.1/com.relevantcodes/extentreports/2.41.2/f3cfee1e734668ac4e3574a9b47ad735476b4b04/extentreports-2.41.2.jar!/com/relevantcodes/extentreports/view/Extent.ftl"
2020-01-22 20:59:55 DEBUG cache:45 - Couldn't find template in cache for "Extent.ftl"("en_US", UTF-8, parsed); will try to load it.
2020-01-22 20:59:55 DEBUG cache:45 - TemplateLoader.findTemplateSource("Extent_en_US.ftl"): Not found
2020-01-22 20:59:55 DEBUG cache:45 - TemplateLoader.findTemplateSource("Extent_en.ftl"): Not found
2020-01-22 20:59:55 DEBUG cache:45 - TemplateLoader.findTemplateSource("Extent.ftl"): Found
2020-01-22 20:59:55 DEBUG cache:45 - Loading template for "Extent.ftl"("en_US", UTF-8, parsed) from "jar:file:/Users/sushant/.gradle/caches/modules-2/files-2.1/com.relevantcodes/extentreports/2.41.2/f3cfee1e734668ac4e3574a9b47ad735476b4b04/extentreports-2.41.2.jar!/com/relevantcodes/extentreports/view/Extent.ftl"
2020-01-22 20:59:56 DEBUG cache:45 - Couldn't find template in cache for "Extent.ftl"("en_US", UTF-8, parsed); will try to load it.
2020-01-22 20:59:56 DEBUG cache:45 - TemplateLoader.findTemplateSource("Extent_en_US.ftl"): Not found
2020-01-22 20:59:56 DEBUG cache:45 - TemplateLoader.findTemplateSource("Extent_en.ftl"): Not found
2020-01-22 20:59:56 DEBUG cache:45 - TemplateLoader.findTemplateSource("Extent.ftl"): Found
2020-01-22 20:59:56 DEBUG cache:45 - Loading template for "Extent.ftl"("en_US", UTF-8, parsed) from "jar:file:/Users/sushant/.gradle/caches/modules-2/files-2.1/com.relevantcodes/extentreports/2.41.2/f3cfee1e734668ac4e3574a9b47ad735476b4b04/extentreports-2.41.2.jar!/com/relevantcodes/extentreports/view/Extent.ftl"
2020-01-22 21:04:11 DEBUG cache:45 - Couldn't find template in cache for "Extent.ftl"("en_US", UTF-8, parsed); will try to load it.
2020-01-22 21:04:11 DEBUG cache:45 - TemplateLoader.findTemplateSource("Extent_en_US.ftl"): Not found
2020-01-22 21:04:11 DEBUG cache:45 - TemplateLoader.findTemplateSource("Extent_en.ftl"): Not found
2020-01-22 21:04:11 DEBUG cache:45 - TemplateLoader.findTemplateSource("Extent.ftl"): Found
2020-01-22 21:04:11 DEBUG cache:45 - Loading template for "Extent.ftl"("en_US", UTF-8, parsed) from "jar:file:/Users/sushant/.gradle/caches/modules-2/files-2.1/com.relevantcodes/extentreports/2.41.2/f3cfee1e734668ac4e3574a9b47ad735476b4b04/extentreports-2.41.2.jar!/com/relevantcodes/extentreports/view/Extent.ftl"
2020-01-22 21:04:12 DEBUG cache:45 - Couldn't find template in cache for "Extent.ftl"("en_US", UTF-8, parsed); will try to load it.
2020-01-22 21:04:12 DEBUG cache:45 - TemplateLoader.findTemplateSource("Extent_en_US.ftl"): Not found
2020-01-22 21:04:12 DEBUG cache:45 - TemplateLoader.findTemplateSource("Extent_en.ftl"): Not found
2020-01-22 21:04:12 DEBUG cache:45 - TemplateLoader.findTemplateSource("Extent.ftl"): Found
2020-01-22 21:04:12 DEBUG cache:45 - Loading template for "Extent.ftl"("en_US", UTF-8, parsed) from "jar:file:/Users/sushant/.gradle/caches/modules-2/files-2.1/com.relevantcodes/extentreports/2.41.2/f3cfee1e734668ac4e3574a9b47ad735476b4b04/extentreports-2.41.2.jar!/com/relevantcodes/extentreports/view/Extent.ftl"
2020-01-22 21:06:54 DEBUG cache:45 - Couldn't find template in cache for "Extent.ftl"("en_US", UTF-8, parsed); will try to load it.
2020-01-22 21:06:54 DEBUG cache:45 - TemplateLoader.findTemplateSource("Extent_en_US.ftl"): Not found
2020-01-22 21:06:54 DEBUG cache:45 - TemplateLoader.findTemplateSource("Extent_en.ftl"): Not found
2020-01-22 21:06:54 DEBUG cache:45 - TemplateLoader.findTemplateSource("Extent.ftl"): Found
2020-01-22 21:06:54 DEBUG cache:45 - Loading template for "Extent.ftl"("en_US", UTF-8, parsed) from "jar:file:/Users/sushant/.gradle/caches/modules-2/files-2.1/com.relevantcodes/extentreports/2.41.2/f3cfee1e734668ac4e3574a9b47ad735476b4b04/extentreports-2.41.2.jar!/com/relevantcodes/extentreports/view/Extent.ftl"
2020-01-22 21:06:55 DEBUG cache:45 - Couldn't find template in cache for "Extent.ftl"("en_US", UTF-8, parsed); will try to load it.
2020-01-22 21:06:55 DEBUG cache:45 - TemplateLoader.findTemplateSource("Extent_en_US.ftl"): Not found
2020-01-22 21:06:55 DEBUG cache:45 - TemplateLoader.findTemplateSource("Extent_en.ftl"): Not found
2020-01-22 21:06:55 DEBUG cache:45 - TemplateLoader.findTemplateSource("Extent.ftl"): Found
2020-01-22 21:06:55 DEBUG cache:45 - Loading template for "Extent.ftl"("en_US", UTF-8, parsed) from "jar:file:/Users/sushant/.gradle/caches/modules-2/files-2.1/com.relevantcodes/extentreports/2.41.2/f3cfee1e734668ac4e3574a9b47ad735476b4b04/extentreports-2.41.2.jar!/com/relevantcodes/extentreports/view/Extent.ftl"
2020-01-22 21:09:08 DEBUG cache:45 - Couldn't find template in cache for "Extent.ftl"("en_US", UTF-8, parsed); will try to load it.
2020-01-22 21:09:08 DEBUG cache:45 - TemplateLoader.findTemplateSource("Extent_en_US.ftl"): Not found
2020-01-22 21:09:08 DEBUG cache:45 - TemplateLoader.findTemplateSource("Extent_en.ftl"): Not found
2020-01-22 21:09:08 DEBUG cache:45 - TemplateLoader.findTemplateSource("Extent.ftl"): Found
2020-01-22 21:09:08 DEBUG cache:45 - Loading template for "Extent.ftl"("en_US", UTF-8, parsed) from "jar:file:/Users/sushant/.gradle/caches/modules-2/files-2.1/com.relevantcodes/extentreports/2.41.2/f3cfee1e734668ac4e3574a9b47ad735476b4b04/extentreports-2.41.2.jar!/com/relevantcodes/extentreports/view/Extent.ftl"
2020-01-22 21:09:09 DEBUG cache:45 - Couldn't find template in cache for "Extent.ftl"("en_US", UTF-8, parsed); will try to load it.
2020-01-22 21:09:09 DEBUG cache:45 - TemplateLoader.findTemplateSource("Extent_en_US.ftl"): Not found
2020-01-22 21:09:09 DEBUG cache:45 - TemplateLoader.findTemplateSource("Extent_en.ftl"): Not found
2020-01-22 21:09:09 DEBUG cache:45 - TemplateLoader.findTemplateSource("Extent.ftl"): Found
2020-01-22 21:09:09 DEBUG cache:45 - Loading template for "Extent.ftl"("en_US", UTF-8, parsed) from "jar:file:/Users/sushant/.gradle/caches/modules-2/files-2.1/com.relevantcodes/extentreports/2.41.2/f3cfee1e734668ac4e3574a9b47ad735476b4b04/extentreports-2.41.2.jar!/com/relevantcodes/extentreports/view/Extent.ftl"
2020-01-22 21:11:16 DEBUG cache:45 - Couldn't find template in cache for "Extent.ftl"("en_US", UTF-8, parsed); will try to load it.
2020-01-22 21:11:16 DEBUG cache:45 - TemplateLoader.findTemplateSource("Extent_en_US.ftl"): Not found
2020-01-22 21:11:16 DEBUG cache:45 - TemplateLoader.findTemplateSource("Extent_en.ftl"): Not found
2020-01-22 21:11:16 DEBUG cache:45 - TemplateLoader.findTemplateSource("Extent.ftl"): Found
2020-01-22 21:11:16 DEBUG cache:45 - Loading template for "Extent.ftl"("en_US", UTF-8, parsed) from "jar:file:/Users/sushant/.gradle/caches/modules-2/files-2.1/com.relevantcodes/extentreports/2.41.2/f3cfee1e734668ac4e3574a9b47ad735476b4b04/extentreports-2.41.2.jar!/com/relevantcodes/extentreports/view/Extent.ftl"
2020-01-22 21:11:16 DEBUG cache:45 - Couldn't find template in cache for "Extent.ftl"("en_US", UTF-8, parsed); will try to load it.
2020-01-22 21:11:16 DEBUG cache:45 - TemplateLoader.findTemplateSource("Extent_en_US.ftl"): Not found
2020-01-22 21:11:16 DEBUG cache:45 - TemplateLoader.findTemplateSource("Extent_en.ftl"): Not found
2020-01-22 21:11:16 DEBUG cache:45 - TemplateLoader.findTemplateSource("Extent.ftl"): Found
2020-01-22 21:11:16 DEBUG cache:45 - Loading template for "Extent.ftl"("en_US", UTF-8, parsed) from "jar:file:/Users/sushant/.gradle/caches/modules-2/files-2.1/com.relevantcodes/extentreports/2.41.2/f3cfee1e734668ac4e3574a9b47ad735476b4b04/extentreports-2.41.2.jar!/com/relevantcodes/extentreports/view/Extent.ftl"
2020-01-22 21:38:16 INFO  PageBase:103 - we are here
2020-01-22 21:38:26 INFO  HomePageTest:30 - *******Title is displayed*********
2020-01-22 21:38:26 DEBUG cache:45 - Couldn't find template in cache for "Extent.ftl"("en_US", UTF-8, parsed); will try to load it.
2020-01-22 21:38:26 DEBUG cache:45 - TemplateLoader.findTemplateSource("Extent_en_US.ftl"): Not found
2020-01-22 21:38:26 DEBUG cache:45 - TemplateLoader.findTemplateSource("Extent_en.ftl"): Not found
2020-01-22 21:38:26 DEBUG cache:45 - TemplateLoader.findTemplateSource("Extent.ftl"): Found
2020-01-22 21:38:26 DEBUG cache:45 - Loading template for "Extent.ftl"("en_US", UTF-8, parsed) from "jar:file:/Users/sushant/.gradle/caches/modules-2/files-2.1/com.relevantcodes/extentreports/2.41.2/f3cfee1e734668ac4e3574a9b47ad735476b4b04/extentreports-2.41.2.jar!/com/relevantcodes/extentreports/view/Extent.ftl"
2020-01-22 21:38:27 DEBUG cache:45 - Couldn't find template in cache for "Extent.ftl"("en_US", UTF-8, parsed); will try to load it.
2020-01-22 21:38:27 DEBUG cache:45 - TemplateLoader.findTemplateSource("Extent_en_US.ftl"): Not found
2020-01-22 21:38:27 DEBUG cache:45 - TemplateLoader.findTemplateSource("Extent_en.ftl"): Not found
2020-01-22 21:38:27 DEBUG cache:45 - TemplateLoader.findTemplateSource("Extent.ftl"): Found
2020-01-22 21:38:27 DEBUG cache:45 - Loading template for "Extent.ftl"("en_US", UTF-8, parsed) from "jar:file:/Users/sushant/.gradle/caches/modules-2/files-2.1/com.relevantcodes/extentreports/2.41.2/f3cfee1e734668ac4e3574a9b47ad735476b4b04/extentreports-2.41.2.jar!/com/relevantcodes/extentreports/view/Extent.ftl"
2020-01-22 22:20:03 INFO  PageBase:103 - we are here
2020-01-22 22:20:14 DEBUG cache:45 - Couldn't find template in cache for "Extent.ftl"("en_US", UTF-8, parsed); will try to load it.
2020-01-22 22:20:14 DEBUG cache:45 - TemplateLoader.findTemplateSource("Extent_en_US.ftl"): Not found
2020-01-22 22:20:14 DEBUG cache:45 - TemplateLoader.findTemplateSource("Extent_en.ftl"): Not found
2020-01-22 22:20:14 DEBUG cache:45 - TemplateLoader.findTemplateSource("Extent.ftl"): Found
2020-01-22 22:20:14 DEBUG cache:45 - Loading template for "Extent.ftl"("en_US", UTF-8, parsed) from "jar:file:/Users/sushant/.gradle/caches/modules-2/files-2.1/com.relevantcodes/extentreports/2.41.2/f3cfee1e734668ac4e3574a9b47ad735476b4b04/extentreports-2.41.2.jar!/com/relevantcodes/extentreports/view/Extent.ftl"
2020-01-22 22:20:14 DEBUG cache:45 - Couldn't find template in cache for "Extent.ftl"("en_US", UTF-8, parsed); will try to load it.
2020-01-22 22:20:14 DEBUG cache:45 - TemplateLoader.findTemplateSource("Extent_en_US.ftl"): Not found
2020-01-22 22:20:14 DEBUG cache:45 - TemplateLoader.findTemplateSource("Extent_en.ftl"): Not found
2020-01-22 22:20:14 DEBUG cache:45 - TemplateLoader.findTemplateSource("Extent.ftl"): Found
2020-01-22 22:20:14 DEBUG cache:45 - Loading template for "Extent.ftl"("en_US", UTF-8, parsed) from "jar:file:/Users/sushant/.gradle/caches/modules-2/files-2.1/com.relevantcodes/extentreports/2.41.2/f3cfee1e734668ac4e3574a9b47ad735476b4b04/extentreports-2.41.2.jar!/com/relevantcodes/extentreports/view/Extent.ftl"
2020-01-22 22:21:02 INFO  PageBase:103 - we are here
2020-01-22 22:21:11 DEBUG cache:45 - Couldn't find template in cache for "Extent.ftl"("en_US", UTF-8, parsed); will try to load it.
2020-01-22 22:21:11 DEBUG cache:45 - TemplateLoader.findTemplateSource("Extent_en_US.ftl"): Not found
2020-01-22 22:21:11 DEBUG cache:45 - TemplateLoader.findTemplateSource("Extent_en.ftl"): Not found
2020-01-22 22:21:11 DEBUG cache:45 - TemplateLoader.findTemplateSource("Extent.ftl"): Found
2020-01-22 22:21:11 DEBUG cache:45 - Loading template for "Extent.ftl"("en_US", UTF-8, parsed) from "jar:file:/Users/sushant/.gradle/caches/modules-2/files-2.1/com.relevantcodes/extentreports/2.41.2/f3cfee1e734668ac4e3574a9b47ad735476b4b04/extentreports-2.41.2.jar!/com/relevantcodes/extentreports/view/Extent.ftl"
2020-01-22 22:21:11 DEBUG cache:45 - Couldn't find template in cache for "Extent.ftl"("en_US", UTF-8, parsed); will try to load it.
2020-01-22 22:21:11 DEBUG cache:45 - TemplateLoader.findTemplateSource("Extent_en_US.ftl"): Not found
2020-01-22 22:21:11 DEBUG cache:45 - TemplateLoader.findTemplateSource("Extent_en.ftl"): Not found
2020-01-22 22:21:11 DEBUG cache:45 - TemplateLoader.findTemplateSource("Extent.ftl"): Found
2020-01-22 22:21:11 DEBUG cache:45 - Loading template for "Extent.ftl"("en_US", UTF-8, parsed) from "jar:file:/Users/sushant/.gradle/caches/modules-2/files-2.1/com.relevantcodes/extentreports/2.41.2/f3cfee1e734668ac4e3574a9b47ad735476b4b04/extentreports-2.41.2.jar!/com/relevantcodes/extentreports/view/Extent.ftl"
2020-01-22 22:24:04 INFO  PageBase:103 - we are here
2020-01-22 22:24:14 DEBUG cache:45 - Couldn't find template in cache for "Extent.ftl"("en_US", UTF-8, parsed); will try to load it.
2020-01-22 22:24:14 DEBUG cache:45 - TemplateLoader.findTemplateSource("Extent_en_US.ftl"): Not found
2020-01-22 22:24:14 DEBUG cache:45 - TemplateLoader.findTemplateSource("Extent_en.ftl"): Not found
2020-01-22 22:24:14 DEBUG cache:45 - TemplateLoader.findTemplateSource("Extent.ftl"): Found
2020-01-22 22:24:14 DEBUG cache:45 - Loading template for "Extent.ftl"("en_US", UTF-8, parsed) from "jar:file:/Users/sushant/.gradle/caches/modules-2/files-2.1/com.relevantcodes/extentreports/2.41.2/f3cfee1e734668ac4e3574a9b47ad735476b4b04/extentreports-2.41.2.jar!/com/relevantcodes/extentreports/view/Extent.ftl"
2020-01-22 22:24:14 DEBUG cache:45 - Couldn't find template in cache for "Extent.ftl"("en_US", UTF-8, parsed); will try to load it.
2020-01-22 22:24:14 DEBUG cache:45 - TemplateLoader.findTemplateSource("Extent_en_US.ftl"): Not found
2020-01-22 22:24:14 DEBUG cache:45 - TemplateLoader.findTemplateSource("Extent_en.ftl"): Not found
2020-01-22 22:24:14 DEBUG cache:45 - TemplateLoader.findTemplateSource("Extent.ftl"): Found
2020-01-22 22:24:14 DEBUG cache:45 - Loading template for "Extent.ftl"("en_US", UTF-8, parsed) from "jar:file:/Users/sushant/.gradle/caches/modules-2/files-2.1/com.relevantcodes/extentreports/2.41.2/f3cfee1e734668ac4e3574a9b47ad735476b4b04/extentreports-2.41.2.jar!/com/relevantcodes/extentreports/view/Extent.ftl"
2020-01-22 22:24:42 INFO  PageBase:103 - we are here
2020-01-22 22:24:51 DEBUG cache:45 - Couldn't find template in cache for "Extent.ftl"("en_US", UTF-8, parsed); will try to load it.
2020-01-22 22:24:51 DEBUG cache:45 - TemplateLoader.findTemplateSource("Extent_en_US.ftl"): Not found
2020-01-22 22:24:51 DEBUG cache:45 - TemplateLoader.findTemplateSource("Extent_en.ftl"): Not found
2020-01-22 22:24:51 DEBUG cache:45 - TemplateLoader.findTemplateSource("Extent.ftl"): Found
2020-01-22 22:24:51 DEBUG cache:45 - Loading template for "Extent.ftl"("en_US", UTF-8, parsed) from "jar:file:/Users/sushant/.gradle/caches/modules-2/files-2.1/com.relevantcodes/extentreports/2.41.2/f3cfee1e734668ac4e3574a9b47ad735476b4b04/extentreports-2.41.2.jar!/com/relevantcodes/extentreports/view/Extent.ftl"
2020-01-22 22:24:51 DEBUG cache:45 - Couldn't find template in cache for "Extent.ftl"("en_US", UTF-8, parsed); will try to load it.
2020-01-22 22:24:51 DEBUG cache:45 - TemplateLoader.findTemplateSource("Extent_en_US.ftl"): Not found
2020-01-22 22:24:51 DEBUG cache:45 - TemplateLoader.findTemplateSource("Extent_en.ftl"): Not found
2020-01-22 22:24:51 DEBUG cache:45 - TemplateLoader.findTemplateSource("Extent.ftl"): Found
2020-01-22 22:24:51 DEBUG cache:45 - Loading template for "Extent.ftl"("en_US", UTF-8, parsed) from "jar:file:/Users/sushant/.gradle/caches/modules-2/files-2.1/com.relevantcodes/extentreports/2.41.2/f3cfee1e734668ac4e3574a9b47ad735476b4b04/extentreports-2.41.2.jar!/com/relevantcodes/extentreports/view/Extent.ftl"
2020-01-22 22:25:17 INFO  PageBase:103 - we are here
2020-01-22 22:25:24 DEBUG cache:45 - Couldn't find template in cache for "Extent.ftl"("en_US", UTF-8, parsed); will try to load it.
2020-01-22 22:25:24 DEBUG cache:45 - TemplateLoader.findTemplateSource("Extent_en_US.ftl"): Not found
2020-01-22 22:25:24 DEBUG cache:45 - TemplateLoader.findTemplateSource("Extent_en.ftl"): Not found
2020-01-22 22:25:24 DEBUG cache:45 - TemplateLoader.findTemplateSource("Extent.ftl"): Found
2020-01-22 22:25:24 DEBUG cache:45 - Loading template for "Extent.ftl"("en_US", UTF-8, parsed) from "jar:file:/Users/sushant/.gradle/caches/modules-2/files-2.1/com.relevantcodes/extentreports/2.41.2/f3cfee1e734668ac4e3574a9b47ad735476b4b04/extentreports-2.41.2.jar!/com/relevantcodes/extentreports/view/Extent.ftl"
2020-01-22 22:25:25 DEBUG cache:45 - Couldn't find template in cache for "Extent.ftl"("en_US", UTF-8, parsed); will try to load it.
2020-01-22 22:25:25 DEBUG cache:45 - TemplateLoader.findTemplateSource("Extent_en_US.ftl"): Not found
2020-01-22 22:25:25 DEBUG cache:45 - TemplateLoader.findTemplateSource("Extent_en.ftl"): Not found
2020-01-22 22:25:25 DEBUG cache:45 - TemplateLoader.findTemplateSource("Extent.ftl"): Found
2020-01-22 22:25:25 DEBUG cache:45 - Loading template for "Extent.ftl"("en_US", UTF-8, parsed) from "jar:file:/Users/sushant/.gradle/caches/modules-2/files-2.1/com.relevantcodes/extentreports/2.41.2/f3cfee1e734668ac4e3574a9b47ad735476b4b04/extentreports-2.41.2.jar!/com/relevantcodes/extentreports/view/Extent.ftl"
2020-01-22 22:34:29 INFO  PageBase:104 - we are here
2020-01-22 22:34:37 DEBUG cache:45 - Couldn't find template in cache for "Extent.ftl"("en_US", UTF-8, parsed); will try to load it.
2020-01-22 22:34:37 DEBUG cache:45 - TemplateLoader.findTemplateSource("Extent_en_US.ftl"): Not found
2020-01-22 22:34:37 DEBUG cache:45 - TemplateLoader.findTemplateSource("Extent_en.ftl"): Not found
2020-01-22 22:34:37 DEBUG cache:45 - TemplateLoader.findTemplateSource("Extent.ftl"): Found
2020-01-22 22:34:37 DEBUG cache:45 - Loading template for "Extent.ftl"("en_US", UTF-8, parsed) from "jar:file:/Users/sushant/.gradle/caches/modules-2/files-2.1/com.relevantcodes/extentreports/2.41.2/f3cfee1e734668ac4e3574a9b47ad735476b4b04/extentreports-2.41.2.jar!/com/relevantcodes/extentreports/view/Extent.ftl"
2020-01-22 22:34:37 DEBUG cache:45 - Couldn't find template in cache for "Extent.ftl"("en_US", UTF-8, parsed); will try to load it.
2020-01-22 22:34:37 DEBUG cache:45 - TemplateLoader.findTemplateSource("Extent_en_US.ftl"): Not found
2020-01-22 22:34:37 DEBUG cache:45 - TemplateLoader.findTemplateSource("Extent_en.ftl"): Not found
2020-01-22 22:34:37 DEBUG cache:45 - TemplateLoader.findTemplateSource("Extent.ftl"): Found
2020-01-22 22:34:37 DEBUG cache:45 - Loading template for "Extent.ftl"("en_US", UTF-8, parsed) from "jar:file:/Users/sushant/.gradle/caches/modules-2/files-2.1/com.relevantcodes/extentreports/2.41.2/f3cfee1e734668ac4e3574a9b47ad735476b4b04/extentreports-2.41.2.jar!/com/relevantcodes/extentreports/view/Extent.ftl"
2020-01-22 23:25:32 DEBUG cache:45 - Couldn't find template in cache for "Extent.ftl"("en_US", UTF-8, parsed); will try to load it.
2020-01-22 23:25:32 DEBUG cache:45 - TemplateLoader.findTemplateSource("Extent_en_US.ftl"): Not found
2020-01-22 23:25:32 DEBUG cache:45 - TemplateLoader.findTemplateSource("Extent_en.ftl"): Not found
2020-01-22 23:25:32 DEBUG cache:45 - TemplateLoader.findTemplateSource("Extent.ftl"): Found
2020-01-22 23:25:32 DEBUG cache:45 - Loading template for "Extent.ftl"("en_US", UTF-8, parsed) from "jar:file:/Users/sushant/.gradle/caches/modules-2/files-2.1/com.relevantcodes/extentreports/2.41.2/f3cfee1e734668ac4e3574a9b47ad735476b4b04/extentreports-2.41.2.jar!/com/relevantcodes/extentreports/view/Extent.ftl"
2020-01-22 23:25:32 DEBUG cache:45 - Couldn't find template in cache for "Extent.ftl"("en_US", UTF-8, parsed); will try to load it.
2020-01-22 23:25:32 DEBUG cache:45 - TemplateLoader.findTemplateSource("Extent_en_US.ftl"): Not found
2020-01-22 23:25:32 DEBUG cache:45 - TemplateLoader.findTemplateSource("Extent_en.ftl"): Not found
2020-01-22 23:25:32 DEBUG cache:45 - TemplateLoader.findTemplateSource("Extent.ftl"): Found
2020-01-22 23:25:32 DEBUG cache:45 - Loading template for "Extent.ftl"("en_US", UTF-8, parsed) from "jar:file:/Users/sushant/.gradle/caches/modules-2/files-2.1/com.relevantcodes/extentreports/2.41.2/f3cfee1e734668ac4e3574a9b47ad735476b4b04/extentreports-2.41.2.jar!/com/relevantcodes/extentreports/view/Extent.ftl"
2020-01-22 23:28:19 DEBUG cache:45 - Couldn't find template in cache for "Extent.ftl"("en_US", UTF-8, parsed); will try to load it.
2020-01-22 23:28:19 DEBUG cache:45 - TemplateLoader.findTemplateSource("Extent_en_US.ftl"): Not found
2020-01-22 23:28:19 DEBUG cache:45 - TemplateLoader.findTemplateSource("Extent_en.ftl"): Not found
2020-01-22 23:28:19 DEBUG cache:45 - TemplateLoader.findTemplateSource("Extent.ftl"): Found
2020-01-22 23:28:19 DEBUG cache:45 - Loading template for "Extent.ftl"("en_US", UTF-8, parsed) from "jar:file:/Users/sushant/.gradle/caches/modules-2/files-2.1/com.relevantcodes/extentreports/2.41.2/f3cfee1e734668ac4e3574a9b47ad735476b4b04/extentreports-2.41.2.jar!/com/relevantcodes/extentreports/view/Extent.ftl"
2020-01-22 23:28:19 DEBUG cache:45 - Couldn't find template in cache for "Extent.ftl"("en_US", UTF-8, parsed); will try to load it.
2020-01-22 23:28:19 DEBUG cache:45 - TemplateLoader.findTemplateSource("Extent_en_US.ftl"): Not found
2020-01-22 23:28:19 DEBUG cache:45 - TemplateLoader.findTemplateSource("Extent_en.ftl"): Not found
2020-01-22 23:28:19 DEBUG cache:45 - TemplateLoader.findTemplateSource("Extent.ftl"): Found
2020-01-22 23:28:19 DEBUG cache:45 - Loading template for "Extent.ftl"("en_US", UTF-8, parsed) from "jar:file:/Users/sushant/.gradle/caches/modules-2/files-2.1/com.relevantcodes/extentreports/2.41.2/f3cfee1e734668ac4e3574a9b47ad735476b4b04/extentreports-2.41.2.jar!/com/relevantcodes/extentreports/view/Extent.ftl"
